android_project/app/build/intermediates/manifest_merge_blame_file/debug/manifest-merger-blame-debug-report.txt
1<?xml version="1.0" encoding="utf-8"?>
2<manifest xmlns:android="http://schemas.android.com/apk/res/android"
3    package="com.example.v1"
4    android:versionCode="1"
5    android:versionName="1.0" >
6
7    <uses-sdk
8        android:minSdkVersion="19"
8-->src/main/AndroidManifest.xml
9        android:targetSdkVersion="30" />
9-->src/main/AndroidManifest.xml
10
11    <uses-permission android:name="android.permission.INTERNET" />
11-->src/main/AndroidManifest.xml:5:5-67
11-->src/main/AndroidManifest.xml:5:22-64
12    <uses-permission android:name="android.permission.ACCESS_NETWORK_STATE" />
12-->src/main/AndroidManifest.xml:6:5-79
12-->src/main/AndroidManifest.xml:6:22-76
13    <!-- 인터넷에 관련된 권한들 -->
14    <uses-permission android:name="android.permission.WRITE_EXTERNAL_STORAGE" />
14-->src/main/AndroidManifest.xml:8:5-81
14-->src/main/AndroidManifest.xml:8:22-78
15    <uses-permission android:name="android.permission.READ_EXTERNAL_STORAGE" />
15-->src/main/AndroidManifest.xml:9:5-80
15-->src/main/AndroidManifest.xml:9:22-77
16    <uses-permission android:name="android.permission.READ_EXTERNAL_STORAGE" />
16-->src/main/AndroidManifest.xml:9:5-80
16-->src/main/AndroidManifest.xml:9:22-77
17    <uses-permission android:name="android.permission.CAMERA" />
17-->src/main/AndroidManifest.xml:13:5-65
17-->src/main/AndroidManifest.xml:13:22-62
18    <uses-permission android:name="android.permission.READ_EXTERNAL_STORAGE" />
18-->src/main/AndroidManifest.xml:9:5-80
18-->src/main/AndroidManifest.xml:9:22-77
19    <uses-permission android:name="android.permission.READ_CONTACTS" />
19-->src/main/AndroidManifest.xml:16:5-71
19-->src/main/AndroidManifest.xml:16:22-69
20    <uses-permission android:name="android.permission.WAKE_LOCK" />
20-->[com.google.android.gms:play-services-measurement-api:17.6.0] AndroidManifest.xml:24:5-68
20-->[com.google.android.gms:play-services-measurement-api:17.6.0] AndroidManifest.xml:24:22-65
21    <uses-permission android:name="com.google.android.finsky.permission.BIND_GET_INSTALL_REFERRER_SERVICE" />
21-->[com.google.android.gms:play-services-measurement:17.6.0] AndroidManifest.xml:26:5-110
21-->[com.google.android.gms:play-services-measurement:17.6.0] AndroidManifest.xml:26:22-107
22
23    <application
23-->src/main/AndroidManifest.xml:18:5-51:19
24        android:name="androidx.multidex.MultiDexApplication"
25        android:allowBackup="true"
25-->src/main/AndroidManifest.xml:19:9-35
26        android:appComponentFactory="androidx.core.app.CoreComponentFactory"
26-->[androidx.core:core:1.3.1] AndroidManifest.xml:24:18-86
27        android:debuggable="true"
28        android:icon="@mipmap/ic_launcher"
28-->src/main/AndroidManifest.xml:20:9-43
29        android:label="@string/app_name"
29-->src/main/AndroidManifest.xml:21:9-41
30        android:networkSecurityConfig="@xml/network_security_config"
30-->src/main/AndroidManifest.xml:25:9-69
31        android:roundIcon="@mipmap/ic_launcher_round"
31-->src/main/AndroidManifest.xml:22:9-54
32        android:supportsRtl="true"
32-->src/main/AndroidManifest.xml:23:9-35
33        android:testOnly="true"
34        android:theme="@style/AppTheme"
34-->src/main/AndroidManifest.xml:24:9-40
35        android:usesCleartextTraffic="true" >
35-->src/main/AndroidManifest.xml:26:9-44
36        <activity android:name="com.example.v1.MainActivity" >
36-->src/main/AndroidManifest.xml:27:9-33:20
36-->src/main/AndroidManifest.xml:27:19-47
37            <intent-filter>
37-->src/main/AndroidManifest.xml:28:13-32:29
38                <action android:name="android.intent.action.MAIN" />
38-->src/main/AndroidManifest.xml:29:17-69
38-->src/main/AndroidManifest.xml:29:25-66
39
40                <category android:name="android.intent.category.LAUNCHER" />
40-->src/main/AndroidManifest.xml:31:17-77
40-->src/main/AndroidManifest.xml:31:27-74
41            </intent-filter>
42        </activity>
43
44        <provider
44-->src/main/AndroidManifest.xml:36:9-44:20
45            android:name="androidx.core.content.FileProvider"
45-->src/main/AndroidManifest.xml:37:13-62
46            android:authorities="com.example.v1"
46-->src/main/AndroidManifest.xml:38:13-49
47            android:exported="false"
47-->src/main/AndroidManifest.xml:39:13-37
48            android:grantUriPermissions="true" >
48-->src/main/AndroidManifest.xml:40:13-47
49            <meta-data
49-->src/main/AndroidManifest.xml:41:13-43:52
50                android:name="android.support.FILE_PROVIDER_PATHS"
50-->src/main/AndroidManifest.xml:42:17-67
51                android:resource="@xml/external" />
51-->src/main/AndroidManifest.xml:43:17-49
52        </provider>
53
54        <meta-data
54-->src/main/AndroidManifest.xml:47:9-49:37
55            android:name="com.google.firebase.ml.vision.DEPENDENCIES"
55-->src/main/AndroidManifest.xml:48:13-70
56            android:value="label" />
56-->src/main/AndroidManifest.xml:49:13-34
57
58        <activity
58-->[gun0912.ted:tedpermission:2.1.0] AndroidManifest.xml:10:9-14:67
59            android:name="com.gun0912.tedpermission.TedPermissionActivity"
59-->[gun0912.ted:tedpermission:2.1.0] AndroidManifest.xml:11:13-75
60            android:configChanges="mcc|mnc|locale|keyboard|keyboardHidden|screenLayout|fontScale|uiMode|orientation|screenSize|layoutDirection"
60-->[gun0912.ted:tedpermission:2.1.0] AndroidManifest.xml:12:13-144
61            android:screenOrientation="portrait"
61-->[gun0912.ted:tedpermission:2.1.0] AndroidManifest.xml:13:13-49
62            android:theme="@style/Theme.Transparent.Permission" />
62-->[gun0912.ted:tedpermission:2.1.0] AndroidManifest.xml:14:13-64
63
64        <service
64-->[com.google.firebase:firebase-database:19.5.0] AndroidManifest.xml:29:9-35:19
65            android:name="com.google.firebase.components.ComponentDiscoveryService"
65-->[com.google.firebase:firebase-database:19.5.0] AndroidManifest.xml:30:13-84
66            android:directBootAware="true"
66-->[com.google.firebase:firebase-common:19.3.1] AndroidManifest.xml:35:13-43
67            android:exported="false" >
67-->[com.google.firebase:firebase-database:19.5.0] AndroidManifest.xml:31:13-37
68            <meta-data
68-->[com.google.firebase:firebase-database:19.5.0] AndroidManifest.xml:32:13-34:85
69                android:name="com.google.firebase.components:com.google.firebase.database.DatabaseRegistrar"
69-->[com.google.firebase:firebase-database:19.5.0] AndroidManifest.xml:33:17-109
70                android:value="com.google.firebase.components.ComponentRegistrar" />
70-->[com.google.firebase:firebase-database:19.5.0] AndroidManifest.xml:34:17-82
71            <meta-data
71-->[com.google.firebase:firebase-storage:19.2.0] AndroidManifest.xml:33:13-35:85
72                android:name="com.google.firebase.components:com.google.firebase.storage.StorageRegistrar"
72-->[com.google.firebase:firebase-storage:19.2.0] AndroidManifest.xml:34:17-107
73                android:value="com.google.firebase.components.ComponentRegistrar" />
73-->[com.google.firebase:firebase-storage:19.2.0] AndroidManifest.xml:35:17-82
74            <meta-data
74-->[com.google.firebase:firebase-auth:19.4.0] AndroidManifest.xml:36:13-38:85
75                android:name="com.google.firebase.components:com.google.firebase.auth.FirebaseAuthRegistrar"
75-->[com.google.firebase:firebase-auth:19.4.0] AndroidManifest.xml:37:17-109
76                android:value="com.google.firebase.components.ComponentRegistrar" />
76-->[com.google.firebase:firebase-auth:19.4.0] AndroidManifest.xml:38:17-82
77            <meta-data
77-->[com.google.android.gms:play-services-measurement-api:17.6.0] AndroidManifest.xml:30:13-32:85
78                android:name="com.google.firebase.components:com.google.firebase.analytics.connector.internal.AnalyticsConnectorRegistrar"
78-->[com.google.android.gms:play-services-measurement-api:17.6.0] AndroidManifest.xml:31:17-139
79                android:value="com.google.firebase.components.ComponentRegistrar" />
79-->[com.google.android.gms:play-services-measurement-api:17.6.0] AndroidManifest.xml:32:17-82
80            <meta-data
80-->[com.google.firebase:firebase-installations:16.3.2] AndroidManifest.xml:17:13-19:85
81                android:name="com.google.firebase.components:com.google.firebase.installations.FirebaseInstallationsRegistrar"
81-->[com.google.firebase:firebase-installations:16.3.2] AndroidManifest.xml:18:17-127
82                android:value="com.google.firebase.components.ComponentRegistrar" />
82-->[com.google.firebase:firebase-installations:16.3.2] AndroidManifest.xml:19:17-82
83        </service>
84
85        <activity
85-->[com.google.firebase:firebase-auth:19.4.0] AndroidManifest.xml:24:9-31:50
86            android:name="com.google.firebase.auth.internal.FederatedSignInActivity"
86-->[com.google.firebase:firebase-auth:19.4.0] AndroidManifest.xml:25:13-85
87            android:excludeFromRecents="true"
87-->[com.google.firebase:firebase-auth:19.4.0] AndroidManifest.xml:26:13-46
88            android:exported="true"
88-->[com.google.firebase:firebase-auth:19.4.0] AndroidManifest.xml:27:13-36
89            android:launchMode="singleTask"
89-->[com.google.firebase:firebase-auth:19.4.0] AndroidManifest.xml:28:13-44
90            android:permission="com.google.firebase.auth.api.gms.permission.LAUNCH_FEDERATED_SIGN_IN"
90-->[com.google.firebase:firebase-auth:19.4.0] AndroidManifest.xml:29:13-102
91            android:theme="@android:style/Theme.Translucent.NoTitleBar" />
91-->[com.google.firebase:firebase-auth:19.4.0] AndroidManifest.xml:30:13-72
92        <activity
92-->[com.google.android.gms:play-services-auth:18.1.0] AndroidManifest.xml:23:9-27:75
93            android:name="com.google.android.gms.auth.api.signin.internal.SignInHubActivity"
93-->[com.google.android.gms:play-services-auth:18.1.0] AndroidManifest.xml:24:13-93
94            android:excludeFromRecents="true"
94-->[com.google.android.gms:play-services-auth:18.1.0] AndroidManifest.xml:25:13-46
95            android:exported="false"
95-->[com.google.android.gms:play-services-auth:18.1.0] AndroidManifest.xml:26:13-37
96            android:theme="@android:style/Theme.Translucent.NoTitleBar" />
96-->[com.google.android.gms:play-services-auth:18.1.0] AndroidManifest.xml:27:13-72
97        <!--
98            Service handling Google Sign-In user revocation. For apps that do not integrate with
99            Google Sign-In, this service will never be started.
100        -->
101        <service
101-->[com.google.android.gms:play-services-auth:18.1.0] AndroidManifest.xml:33:9-37:51
102            android:name="com.google.android.gms.auth.api.signin.RevocationBoundService"
102-->[com.google.android.gms:play-services-auth:18.1.0] AndroidManifest.xml:34:13-89
103            android:exported="true"
103-->[com.google.android.gms:play-services-auth:18.1.0] AndroidManifest.xml:35:13-36
104            android:permission="com.google.android.gms.auth.api.signin.permission.REVOCATION_NOTIFICATION"
104-->[com.google.android.gms:play-services-auth:18.1.0] AndroidManifest.xml:36:13-107
105            android:visibleToInstantApps="true" />
105-->[com.google.android.gms:play-services-auth:18.1.0] AndroidManifest.xml:37:13-48
106
107        <activity
107-->[com.google.android.gms:play-services-base:17.1.0] AndroidManifest.xml:23:9-26:75
108            android:name="com.google.android.gms.common.api.GoogleApiActivity"
108-->[com.google.android.gms:play-services-base:17.1.0] AndroidManifest.xml:24:13-79
109            android:exported="false"
109-->[com.google.android.gms:play-services-base:17.1.0] AndroidManifest.xml:25:13-37
110            android:theme="@android:style/Theme.Translucent.NoTitleBar" />
110-->[com.google.android.gms:play-services-base:17.1.0] AndroidManifest.xml:26:13-72
111
112        <provider
112-->[com.google.firebase:firebase-common:19.3.1] AndroidManifest.xml:26:9-31:39
113            android:name="com.google.firebase.provider.FirebaseInitProvider"
113-->[com.google.firebase:firebase-common:19.3.1] AndroidManifest.xml:27:13-77
114            android:authorities="com.example.v1.firebaseinitprovider"
114-->[com.google.firebase:firebase-common:19.3.1] AndroidManifest.xml:28:13-72
115            android:directBootAware="true"
115-->[com.google.firebase:firebase-common:19.3.1] AndroidManifest.xml:29:13-43
116            android:exported="false"
116-->[com.google.firebase:firebase-common:19.3.1] AndroidManifest.xml:30:13-37
117            android:initOrder="100" />
117-->[com.google.firebase:firebase-common:19.3.1] AndroidManifest.xml:31:13-36
118
119        <receiver
119-->[com.google.android.gms:play-services-measurement:17.6.0] AndroidManifest.xml:29:9-33:20
120            android:name="com.google.android.gms.measurement.AppMeasurementReceiver"
120-->[com.google.android.gms:play-services-measurement:17.6.0] AndroidManifest.xml:30:13-85
121            android:enabled="true"
121-->[com.google.android.gms:play-services-measurement:17.6.0] AndroidManifest.xml:31:13-35
122            android:exported="false" >
122-->[com.google.android.gms:play-services-measurement:17.6.0] AndroidManifest.xml:32:13-37
123        </receiver>
124
125        <service
125-->[com.google.android.gms:play-services-measurement:17.6.0] AndroidManifest.xml:35:9-38:40
126            android:name="com.google.android.gms.measurement.AppMeasurementService"
126-->[com.google.android.gms:play-services-measurement:17.6.0] AndroidManifest.xml:36:13-84
127            android:enabled="true"
127-->[com.google.android.gms:play-services-measurement:17.6.0] AndroidManifest.xml:37:13-35
128            android:exported="false" />
128-->[com.google.android.gms:play-services-measurement:17.6.0] AndroidManifest.xml:38:13-37
129        <service
129-->[com.google.android.gms:play-services-measurement:17.6.0] AndroidManifest.xml:39:9-43:72
130            android:name="com.google.android.gms.measurement.AppMeasurementJobService"
130-->[com.google.android.gms:play-services-measurement:17.6.0] AndroidManifest.xml:40:13-87
131            android:enabled="true"
131-->[com.google.android.gms:play-services-measurement:17.6.0] AndroidManifest.xml:41:13-35
132            android:exported="false"
132-->[com.google.android.gms:play-services-measurement:17.6.0] AndroidManifest.xml:42:13-37
133            android:permission="android.permission.BIND_JOB_SERVICE" />
133-->[com.google.android.gms:play-services-measurement:17.6.0] AndroidManifest.xml:43:13-69
134
135        <meta-data
135-->[com.google.android.gms:play-services-basement:17.1.1] AndroidManifest.xml:23:9-25:69
136            android:name="com.google.android.gms.version"
136-->[com.google.android.gms:play-services-basement:17.1.1] AndroidManifest.xml:24:13-58
137            android:value="@integer/google_play_services_version" />
137-->[com.google.android.gms:play-services-basement:17.1.1] AndroidManifest.xml:25:13-66
138    </application>
139
140</manifest>